<?xml version="1.0" encoding="UTF-8"?>
<!-- Generated by org.testng.reporters.JUnitXMLReporter -->
<testsuite ignored="0" hostname="LAPTOP-T3IK0MSI" failures="1" tests="3" name="Submit Order" time="50.858" errors="0" timestamp="2025-02-21T11:16:51 IST">
  <testcase classname="yousuf.SeleniumFrameworkDesign.SubmitOrder" name="submitOrder" time="7.743"/>
  <testcase classname="yousuf.SeleniumFrameworkDesign.SubmitOrder" name="submitOrder" time="10.561">
    <failure type="java.lang.NullPointerException" message="Cannot invoke &amp;quot;org.openqa.selenium.WebElement.findElement(org.openqa.selenium.By)&amp;quot; because &amp;quot;prod&amp;quot; is null">
      <![CDATA[java.lang.NullPointerException: Cannot invoke "org.openqa.selenium.WebElement.findElement(org.openqa.selenium.By)" because "prod" is null
at yousuf.SeleniumFrameworkDesign.ProductCatalogue.addProductToCart(ProductCatalogue.java:47)
at yousuf.SeleniumFrameworkDesign.SubmitOrder.submitOrder(SubmitOrder.java:47)
at java.base/java.util.ArrayList.forEach(ArrayList.java:1511)
at java.base/java.util.concurrent.FutureTask.run(FutureTask.java:264)
at java.base/java.util.concurrent.ThreadPoolExecutor.runWorker(ThreadPoolExecutor.java:1130)
at java.base/java.util.concurrent.ThreadPoolExecutor$Worker.run(ThreadPoolExecutor.java:630)
at java.base/java.lang.Thread.run(Thread.java:832)
... Removed 17 stack frames]]>
    </failure>
  </testcase> <!-- submitOrder -->
  <testcase classname="yousuf.SeleniumFrameworkDesign.SubmitOrder" name="orderHistory" time="0.001">
    <skipped/>
  </testcase> <!-- orderHistory -->
</testsuite> <!-- Submit Order -->
